Folder PATH listing for volume Windows
Volume serial number is C26A-8172
C:.
|   ADF_Library_Dependencies.library
|   tree.log
|   VodaCoreLib.jpr
|   
+---classes
|   +---.data
|   |   |   VodaCoreLib.cdi_javac
|   |   |   
|   |   \---00000000
|   |           00000010.jdb
|   |           je.lck
|   |           
|   +---.wlsjsps
|   +---com
|   |   \---virtusa
|   |       \---voda
|   |           \---core
|   |               +---data
|   |               |   |   BaseData.class
|   |               |   |   
|   |               |   \---sessionLogs
|   |               |           SessionDayLogs.class
|   |               |           SessionLogsData.class
|   |               |           
|   |               +---faces
|   |               |   +---component
|   |               |   |       SessionLogs.class
|   |               |   |       Slider.class
|   |               |   |       
|   |               |   +---event
|   |               |   |   |   DataFilterSelectEvent.class
|   |               |   |   |   TimeFrameSelectEvent.class
|   |               |   |   |   TimeScaleSelectEvent.class
|   |               |   |   |   
|   |               |   |   \---listener
|   |               |   |           TimeFrameSelectListener.class
|   |               |   |           
|   |               |   +---render
|   |               |   |       SessionLogsRenderer.class
|   |               |   |       SliderRenderer.class
|   |               |   |       
|   |               |   +---resource
|   |               |   |       VodaResourceLoader.class
|   |               |   |       VodaSimpleDesktopBundle.class
|   |               |   |       
|   |               |   \---tag
|   |               |           SessionLogsTag.class
|   |               |           SliderTag.class
|   |               |           
|   |               \---js
|   |                   +---component
|   |                   |       SessionLogs.js
|   |                   |       slide.js
|   |                   |       VodaSessionLogs.js
|   |                   |       VodaSessionLogsPeer.js
|   |                   |       VodaSlider.js
|   |                   |       VodaSliderPeer.js
|   |                   |       
|   |                   \---event
|   |                           VodaSessionLogsEvent.js
|   |                           VodaSliderEvent.js
|   |                           
|   \---META-INF
|       |   adf-js-features.xml
|       |   faces-config.xml
|       |   trinidad-config.xml
|       |   trinidad-skins.xml
|       |   voda.taglib.xml
|       |   voda.tld
|       |   
|       \---voda
|           +---images
|           |       slider-left-disable.png
|           |       slider-right-disable.png
|           |       
|           \---styles
|                   voda-simple-desktop.css
|                   
+---deploy
|       VodaCoreLib.jar
|       
+---lib
|       gson-2.2.4.jar
|       
+---public_html
|   \---WEB-INF
|           faces-config.xml
|           web.xml
|           
\---src
    +---com
    |   \---virtusa
    |       \---voda
    |           \---core
    |               +---data
    |               |   |   BaseData.java
    |               |   |   
    |               |   \---sessionLogs
    |               |           SessionDayLogs.java
    |               |           SessionLogsData.java
    |               |           
    |               +---faces
    |               |   +---component
    |               |   |       SessionLogs.java
    |               |   |       Slider.java
    |               |   |       
    |               |   +---event
    |               |   |   |   DataFilterSelectEvent.java
    |               |   |   |   TimeFrameSelectEvent.java
    |               |   |   |   TimeScaleSelectEvent.java
    |               |   |   |   
    |               |   |   \---listener
    |               |   |           TimeFrameSelectListener.java
    |               |   |           
    |               |   +---render
    |               |   |       SessionLogsRenderer.java
    |               |   |       SliderRenderer.java
    |               |   |       
    |               |   +---resource
    |               |   |       VodaResourceLoader.java
    |               |   |       VodaSimpleDesktopBundle.java
    |               |   |       
    |               |   \---tag
    |               |           SessionLogsTag.java
    |               |           SliderTag.java
    |               |           
    |               \---js
    |                   +---component
    |                   |       SessionLogs.js
    |                   |       slide.js
    |                   |       VodaSessionLogs.js
    |                   |       VodaSessionLogsPeer.js
    |                   |       VodaSlider.js
    |                   |       VodaSliderPeer.js
    |                   |       
    |                   \---event
    |                           VodaSessionLogsEvent.js
    |                           VodaSliderEvent.js
    |                           
    \---META-INF
        |   adf-js-features.xml
        |   faces-config.xml
        |   trinidad-config.xml
        |   trinidad-skins.xml
        |   voda.taglib.xml
        |   voda.tld
        |   
        +---sevlets
        |   \---resources
        |           voda.resources
        |           
        \---voda
            +---images
            |       slider-left-disable.png
            |       slider-right-disable.png
            |       
            \---styles
                    voda-simple-desktop.css
                    
